#
# A fatal error has been detected by the Java Runtime Environment:
#
#  SIGSEGV (0xb) at pc=0x00007f080d734521, pid=422731, tid=422736
#
# JRE version: OpenJDK Runtime Environment (16.0) (build 16-internal+0-adhoc.junyangshao.SunnyMilkJDK)
# Java VM: OpenJDK 64-Bit Server VM (16-internal+0-adhoc.junyangshao.SunnyMilkJDK, mixed mode, tiered, compressed oops, serial gc, linux-amd64)
# Problematic frame:
# J 2 c1 java.lang.String.charAt(I)C java.base (25 bytes) @ 0x00007f080d734521 [0x00007f080d7344c0+0x0000000000000061]
#
# Core dump will be written. Default location: Core dumps may be processed with "/usr/share/apport/apport -p%p -s%s -c%c -d%d -P%P -u%u -g%g -- %E" (or dumping to /home/junyangshao/Desktop/playground/research/SunnyMilkFuzzerJDK/SunnyMilkJDK/make/core.422731)
#
# If you would like to submit a bug report, please visit:
#   https://bugreport.java.com/bugreport/crash.jsp
#

---------------  S U M M A R Y ------------

Command Line: -Denv.class.path=.:/home/junyangshao/Desktop/playground/antlr-4.10.1-complete.jar:.:/home/junyangshao/Desktop/playground/antlr-4.10.1-complete.jar: -Dapplication.home=/home/junyangshao/Desktop/playground/research/SunnyMilkFuzzerJDK/SunnyMilkJDK/build/linux-x86_64-server-release/jdk -Xms8m -XX:+UseSerialGC -Xms32M -Xmx512M -XX:TieredStopAtLevel=1 -Djdk.module.main=jdk.jlink jdk.jlink/jdk.tools.jmod.Main create --module-version 16-internal --target-platform linux-amd64 --module-path /home/junyangshao/Desktop/playground/research/SunnyMilkFuzzerJDK/SunnyMilkJDK/build/linux-x86_64-server-release/support/interim-jmods --libs /home/junyangshao/Desktop/playground/research/SunnyMilkFuzzerJDK/SunnyMilkJDK/build/linux-x86_64-server-release/support/modules_libs/java.base --cmds /home/junyangshao/Desktop/playground/research/SunnyMilkFuzzerJDK/SunnyMilkJDK/build/linux-x86_64-server-release/support/modules_cmds/java.base --config /home/junyangshao/Desktop/playground/research/SunnyMilkFuzzerJDK/SunnyMilkJDK/build/linux-x86_64-server-release/support/modules_conf/java.base --class-path /home/junyangshao/Desktop/playground/research/SunnyMilkFuzzerJDK/SunnyMilkJDK/build/linux-x86_64-server-release/jdk/modules/java.base --header-files /home/junyangshao/Desktop/playground/research/SunnyMilkFuzzerJDK/SunnyMilkJDK/build/linux-x86_64-server-release/support/modules_include/java.base --man-pages /home/junyangshao/Desktop/playground/research/SunnyMilkFuzzerJDK/SunnyMilkJDK/build/linux-x86_64-server-release/support/modules_man/java.base --legal-notices /home/junyangshao/Desktop/playground/research/SunnyMilkFuzzerJDK/SunnyMilkJDK/build/linux-x86_64-server-release/support/modules_legal/common:/home/junyangshao/Desktop/playground/research/SunnyMilkFuzzerJDK/SunnyMilkJDK/build/linux-x86_64-server-release/support/modules_legal/java.base --exclude **{_the.*,_*.marker,*.diz,*.debuginfo,*.dSYM/**,*.dSYM} /home/junyangshao/Desktop/playground/research/SunnyMilkFuzzerJDK/SunnyMilkJDK/build/linux-x86_64-server-release/support/interim-jmods/support/java.base.jmod

Host: Intel(R) Core(TM) i7-8700K CPU @ 3.70GHz, 12 cores, 31G, Ubuntu 20.04.4 LTS
Time: Wed Apr  5 02:55:46 2023 EDT elapsed time: 0.067831 seconds (0d 0h 0m 0s)

---------------  T H R E A D  ---------------

Current thread (0x00007f081c022af0):  JavaThread "main" [_thread_in_Java, id=422736, stack(0x00007f0821f76000,0x00007f0822077000)]

Stack: [0x00007f0821f76000,0x00007f0822077000],  sp=0x00007f0822074160,  free space=1016k
Native frames: (J=compiled Java code, A=aot compiled Java code, j=interpreted, Vv=VM code, C=native code)
J 2 c1 java.lang.String.charAt(I)C java.base (25 bytes) @ 0x00007f080d734521 [0x00007f080d7344c0+0x0000000000000061]

[error occurred during error reporting (printing native stack), id 0xb, SIGSEGV (0xb) at pc=0x00007f08228a7f39]


siginfo: si_signo: 11 (SIGSEGV), si_code: 1 (SEGV_MAPERR), si_addr: 0x0000000000000000

Register to memory mapping:

RAX=0x0000000000000001 is an unknown value
RBX={method} {0x00007f0821005e00} 'charAt' '(I)C' in 'java/lang/String'
RCX=0x00000000e005fa28 is an oop: java.lang.String 
{0x00000000e005fa28} - klass: 'java/lang/String'
RDX=0x0 is NULL
RSP=0x00007f0822074160 is pointing into the stack for thread: 0x00007f081c022af0
RBP=0x00007f0822074238 is pointing into the stack for thread: 0x00007f081c022af0
RSI=0x00000000e005fa28 is an oop: java.lang.String 
{0x00000000e005fa28} - klass: 'java/lang/String'
RDI=0x0 is NULL
R8 ={method} {0x00007f0821005d30} 'isEmpty' '()Z' in 'java/lang/String'
R9 =0x00007f081c023cf0 points into unknown readable memory: 0x00007f0821027d40 | 40 7d 02 21 08 7f 00 00
R10=0x00007f0823523ec0: <offset 0x000000000135dec0> in /home/junyangshao/Desktop/playground/research/SunnyMilkFuzzerJDK/SunnyMilkJDK/build/linux-x86_64-server-release/jdk/lib/server/libjvm.so at 0x00007f08221c6000
R11=0x00007f080d7344e0 is at entry_point+32 in (nmethod*)0x00007f080d734310
R12=0x0 is NULL
R13=0x00007f08220741e0 is pointing into the stack for thread: 0x00007f081c022af0
R14=0x00007f0822074258 is pointing into the stack for thread: 0x00007f081c022af0
R15=0x00007f081c022af0 is a thread


Registers:
RAX=0x0000000000000001, RBX=0x00007f0821005e00, RCX=0x00000000e005fa28, RDX=0x0000000000000000
RSP=0x00007f0822074160, RBP=0x00007f0822074238, RSI=0x00000000e005fa28, RDI=0x0000000000000000
R8 =0x00007f0821005d30, R9 =0x00007f081c023cf0, R10=0x00007f0823523ec0, R11=0x00007f080d7344e0
R12=0x0000000000000000, R13=0x00007f08220741e0, R14=0x00007f0822074258, R15=0x00007f081c022af0
RIP=0x00007f080d734521, EFLAGS=0x0000000000010202, CSGSFS=0x002b000000000033, ERR=0x0000000000000006
  TRAPNO=0x000000000000000e

Top of Stack: (sp=0x00007f0822074160)
0x00007f0822074160:   0000000000000000 0000000000000202
0x00007f0822074170:   00007f081c022af0 00007f0822074258
0x00007f0822074180:   00007f0821283274 0000000000000000
0x00007f0822074190:   0000000000000000 00007f0823561ec0 

Instructions: (pc=0x00007f080d734521)
0x00007f080d734421:   04 00 00 d8 04 00 00 d8 04 00 00 d8 04 00 00 e8
0x00007f080d734431:   04 00 00 e8 04 00 00 e8 04 00 00 40 00 00 00 02
0x00007f080d734441:   00 00 00 01 00 00 00 00 00 00 00 02 00 00 00 00
0x00007f080d734451:   00 00 00 00 00 00 00 00 00 00 00 00 00 00 00 e0
0x00007f080d734461:   01 00 00 02 00 00 00 ff ff ff ff ff ff ff ff 0b
0x00007f080d734471:   60 27 b1 15 44 10 b0 11 00 1f 34 0f 64 69 f0 05
0x00007f080d734481:   80 11 64 5a f0 05 80 11 64 05 c0 0f 64 0d 64 2b
0x00007f080d734491:   64 12 00 01 f8 b9 fe 05 50 00 c0 0a 64 01 f8 79
0x00007f080d7344a1:   fe 06 50 00 c0 0a 64 05 64 03 f8 1b 23 66 72 08
0x00007f080d7344b1:   7f 05 70 0e 64 01 f8 0e ff 06 90 0c 64 00 00 44
0x00007f080d7344c1:   8b 56 08 49 c1 e2 03 4c 3b d0 0f 85 af 7f 91 ff
0x00007f080d7344d1:   66 66 66 0f 1f 84 00 00 00 00 00 66 66 66 90 89
0x00007f080d7344e1:   84 24 00 c0 fe ff 55 48 83 ec 50 48 8b fa 0f be
0x00007f080d7344f1:   46 10 83 f8 00 b8 00 00 00 00 0f 85 05 00 00 00
0x00007f080d734501:   b8 01 00 00 00 83 e0 01 83 f8 00 9c 0f 84 1a 00
0x00007f080d734511:   00 00 52 49 ba c0 3e 52 23 08 7f 00 00 49 8b 12
0x00007f080d734521:   c7 02 01 00 00 00 5a e9 16 00 00 00 52 49 ba c0
0x00007f080d734531:   3e 52 23 08 7f 00 00 49 8b 12 c7 42 04 01 00 00
0x00007f080d734541:   00 5a 9d 0f 84 b6 00 00 00 8b 46 14 83 ff 00 9c
0x00007f080d734551:   0f 8c 1b 00 00 00 52 49 ba c0 3e 52 23 08 7f 00
0x00007f080d734561:   00 49 8b 12 c7 42 08 01 00 00 00 5a e9 16 00 00
0x00007f080d734571:   00 52 49 ba c0 3e 52 23 08 7f 00 00 49 8b 12 c7
0x00007f080d734581:   42 0c 01 00 00 00 5a 9d 0f 8c 96 00 00 00 8b 70
0x00007f080d734591:   0c 3b fe 9c 0f 8d 1b 00 00 00 52 49 ba c0 3e 52
0x00007f080d7345a1:   23 08 7f 00 00 49 8b 12 c7 42 10 01 00 00 00 5a
0x00007f080d7345b1:   e9 16 00 00 00 52 49 ba c0 3e 52 23 08 7f 00 00
0x00007f080d7345c1:   49 8b 12 c7 42 14 01 00 00 00 5a 9d 0f 8d 52 00
0x00007f080d7345d1:   00 00 48 63 ff 0f be 44 38 10 81 e0 ff 00 00 00
0x00007f080d7345e1:   81 e0 ff ff 00 00 81 e0 ff ff 00 00 48 83 c4 50
0x00007f080d7345f1:   5d 49 3b a7 18 01 00 00 0f 87 5c 00 00 00 c3 8b
0x00007f080d734601:   76 14 48 8b d7 90 e8 74 87 91 ff 81 e0 ff ff 00
0x00007f080d734611:   00 48 83 c4 50 5d 49 3b a7 18 01 00 00 0f 87 4d 


Stack slot to memory mapping:
stack at sp + 0 slots: 0x0 is NULL
stack at sp + 1 slots: 0x0000000000000202 is an unknown value
stack at sp + 2 slots: 0x00007f081c022af0 is a thread
stack at sp + 3 slots: 0x00007f0822074258 is pointing into the stack for thread: 0x00007f081c022af0
stack at sp + 4 slots: 0x00007f0821283274 is pointing into metadata
stack at sp + 5 slots: 0x0 is NULL
stack at sp + 6 slots: 0x0 is NULL
stack at sp + 7 slots: 0x00007f0823561ec0: <offset 0x000000000139bec0> in /home/junyangshao/Desktop/playground/research/SunnyMilkFuzzerJDK/SunnyMilkJDK/build/linux-x86_64-server-release/jdk/lib/server/libjvm.so at 0x00007f08221c6000

--------------------------------------------------------------------------------
[Constant Pool (empty)]

--------------------------------------------------------------------------------

[Entry Point]
  # {method} {0x00007f0821005e00} 'charAt' '(I)C' in 'java/lang/String'
  # this:     rsi:rsi   = 'java/lang/String'
  # parm0:    rdx       = int
  #           [sp+0x60]  (sp of caller)
  0x00007f080d7344c0:   mov    0x8(%rsi),%r10d
  0x00007f080d7344c4:   shl    $0x3,%r10
  0x00007f080d7344c8:   cmp    %rax,%r10
  0x00007f080d7344cb:   jne    0x00007f080d04c480           ;   {runtime_call ic_miss_stub}
  0x00007f080d7344d1:   data16 data16 nopw 0x0(%rax,%rax,1)
  0x00007f080d7344dc:   data16 data16 xchg %ax,%ax
[Verified Entry Point]
  0x00007f080d7344e0:   mov    %eax,-0x14000(%rsp)
  0x00007f080d7344e7:   push   %rbp
  0x00007f080d7344e8:   sub    $0x50,%rsp
  0x00007f080d7344ec:   mov    %rdx,%rdi
  0x00007f080d7344ef:   movsbl 0x10(%rsi),%eax
  0x00007f080d7344f3:   cmp    $0x0,%eax
  0x00007f080d7344f6:   mov    $0x0,%eax
  0x00007f080d7344fb:   jne    0x00007f080d734506
  0x00007f080d734501:   mov    $0x1,%eax
  0x00007f080d734506:   and    $0x1,%eax
  0x00007f080d734509:   cmp    $0x0,%eax
  0x00007f080d73450c:   pushf  
  0x00007f080d73450d:   je     0x00007f080d73452d
  0x00007f080d734513:   push   %rdx
  0x00007f080d734514:   movabs $0x7f0823523ec0,%r10
  0x00007f080d73451e:   mov    (%r10),%rdx
  0x00007f080d734521:   movl   $0x1,(%rdx)
  0x00007f080d734527:   pop    %rdx
  0x00007f080d734528:   jmp    0x00007f080d734543
  0x00007f080d73452d:   push   %rdx
  0x00007f080d73452e:   movabs $0x7f0823523ec0,%r10
  0x00007f080d734538:   mov    (%r10),%rdx
  0x00007f080d73453b:   movl   $0x1,0x4(%rdx)
  0x00007f080d734542:   pop    %rdx
  0x00007f080d734543:   popf   
  0x00007f080d734544:   je     0x00007f080d734600
  0x00007f080d73454a:   mov    0x14(%rsi),%eax
  0x00007f080d73454d:   cmp    $0x0,%edi
  0x00007f080d734550:   pushf  
  0x00007f080d734551:   jl     0x00007f080d734572
  0x00007f080d734557:   push   %rdx
  0x00007f080d734558:   movabs $0x7f0823523ec0,%r10
  0x00007f080d734562:   mov    (%r10),%rdx
  0x00007f080d734565:   movl   $0x1,0x8(%rdx)
  0x00007f080d73456c:   pop    %rdx
  0x00007f080d73456d:   jmp    0x00007f080d734588
  0x00007f080d734572:   push   %rdx
  0x00007f080d734573:   movabs $0x7f0823523ec0,%r10
  0x00007f080d73457d:   mov    (%r10),%rdx
  0x00007f080d734580:   movl   $0x1,0xc(%rdx)
  0x00007f080d734587:   pop    %rdx
  0x00007f080d734588:   popf   
  0x00007f080d734589:   jl     0x00007f080d734625
  0x00007f080d73458f:   mov    0xc(%rax),%esi               ; implicit exception: dispatches to 0x00007f080d734656
  0x00007f080d734592:   cmp    %esi,%edi
  0x00007f080d734594:   pushf  
  0x00007f080d734595:   jge    0x00007f080d7345b6
  0x00007f080d73459b:   push   %rdx
  0x00007f080d73459c:   movabs $0x7f0823523ec0,%r10
  0x00007f080d7345a6:   mov    (%r10),%rdx
  0x00007f080d7345a9:   movl   $0x1,0x10(%rdx)
  0x00007f080d7345b0:   pop    %rdx
  0x00007f080d7345b1:   jmp    0x00007f080d7345cc
  0x00007f080d7345b6:   push   %rdx
  0x00007f080d7345b7:   movabs $0x7f0823523ec0,%r10
  0x00007f080d7345c1:   mov    (%r10),%rdx
  0x00007f080d7345c4:   movl   $0x1,0x14(%rdx)
  0x00007f080d7345cb:   pop    %rdx
  0x00007f080d7345cc:   popf   
  0x00007f080d7345cd:   jge    0x00007f080d734625
  0x00007f080d7345d3:   movslq %edi,%rdi
  0x00007f080d7345d6:   movsbl 0x10(%rax,%rdi,1),%eax
  0x00007f080d7345db:   and    $0xff,%eax
  0x00007f080d7345e1:   and    $0xffff,%eax
  0x00007f080d7345e7:   and    $0xffff,%eax
  0x00007f080d7345ed:   add    $0x50,%rsp
  0x00007f080d7345f1:   pop    %rbp
  0x00007f080d7345f2:   cmp    0x118(%r15),%rsp             ;   {poll_return}
  0x00007f080d7345f9:   ja     0x00007f080d73465b
  0x00007f080d7345ff:   ret    
  0x00007f080d734600:   mov    0x14(%rsi),%esi
  0x00007f080d734603:   mov    %rdi,%rdx
  0x00007f080d734606:   nop
  0x00007f080d734607:   call   0x00007f080d04cd80           ; ImmutableOopMap {}
                                                            ;*invokestatic charAt {reexecute=0 rethrow=0 return_oop=0}
                                                            ; - java.lang.String::charAt@21 (line 713)
                                                            ;   {static_call}
  0x00007f080d73460c:   and    $0xffff,%eax
  0x00007f080d734612:   add    $0x50,%rsp
  0x00007f080d734616:   pop    %rbp
  0x00007f080d734617:   cmp    0x118(%r15),%rsp             ;   {poll_return}
  0x00007f080d73461e:   ja     0x00007f080d734671
  0x00007f080d734624:   ret    
  0x00007f080d734625:   data16 xchg %ax,%ax
  0x00007f080d734628:   jmp    0x00007f080d734696           ;   {no_reloc}
  0x00007f080d73462d:   add    %al,(%rax)
  0x00007f080d73462f:   add    %al,(%rax)
  0x00007f080d734631:   add    %ch,%cl
  0x00007f080d734633:   imul   $0x8b480000,(%rax),%eax
  0x00007f080d734639:   xlat   %ds:(%rbx)
  0x00007f080d73463a:   mov    %rax,%rsi
  0x00007f080d73463d:   mov    %rax,0x38(%rsp)
  0x00007f080d734642:   nopl   0x0(%rax,%rax,1)
  0x00007f080d734647:   call   0x00007f080d04c780           ; ImmutableOopMap {[56]=Oop }
                                                            ;*invokespecial <init> {reexecute=0 rethrow=0 return_oop=0}
                                                            ; - java.lang.StringLatin1::charAt@15 (line 48)
                                                            ; - java.lang.String::charAt@12 (line 711)
                                                            ;   {optimized virtual_call}
  0x00007f080d73464c:   mov    0x38(%rsp),%rax
  0x00007f080d734651:   jmp    0x00007f080d7346c9
  0x00007f080d734656:   call   0x00007f080d0f3ea0           ; ImmutableOopMap {rax=Oop }
                                                            ;*arraylength {reexecute=0 rethrow=0 return_oop=0}
                                                            ; - java.lang.StringLatin1::charAt@6 (line 47)
                                                            ; - java.lang.String::charAt@12 (line 711)
                                                            ;   {runtime_call throw_null_pointer_exception Runtime1 stub}
  0x00007f080d73465b:   movabs $0x7f080d7345f2,%r10         ;   {internal_word}
  0x00007f080d734665:   mov    %r10,0x390(%r15)
  0x00007f080d73466c:   jmp    0x00007f080d04dd00           ;   {runtime_call SafepointBlob}
  0x00007f080d734671:   movabs $0x7f080d734617,%r10         ;   {internal_word}
  0x00007f080d73467b:   mov    %r10,0x390(%r15)
  0x00007f080d734682:   jmp    0x00007f080d04dd00           ;   {runtime_call SafepointBlob}
  0x00007f080d734687:   movabs $0x0,%rdx                    ;   {metadata(NULL)}
  0x00007f080d734691:   mov    $0xa050f00,%eax
  0x00007f080d734696:   call   0x00007f080d0f7f00           ; ImmutableOopMap {}
                                                            ;*new {reexecute=0 rethrow=0 return_oop=0}
                                                            ; - java.lang.StringLatin1::charAt@10 (line 48)
                                                            ; - java.lang.String::charAt@12 (line 711)
                                                            ;   {runtime_call load_klass_patching Runtime1 stub}
  0x00007f080d73469b:   jmp    0x00007f080d734628
  0x00007f080d73469d:   nop
  0x00007f080d73469e:   nop
  0x00007f080d73469f:   nop
  0x00007f080d7346a0:   mov    %rdx,%rdx
  0x00007f080d7346a3:   call   0x00007f080d0f4480           ; ImmutableOopMap {}
                                                            ;*new {reexecute=0 rethrow=0 return_oop=0}
                                                            ; - java.lang.StringLatin1::charAt@10 (line 48)
                                                            ; - java.lang.String::charAt@12 (line 711)
                                                            ;   {runtime_call new_instance Runtime1 stub}
  0x00007f080d7346a8:   jmp    0x00007f080d734637
  0x00007f080d7346aa:   nop
  0x00007f080d7346ab:   nop
  0x00007f080d7346ac:   mov    0x3f8(%r15),%rax
  0x00007f080d7346b3:   movq   $0x0,0x3f8(%r15)
  0x00007f080d7346be:   movq   $0x0,0x400(%r15)
  0x00007f080d7346c9:   add    $0x50,%rsp
  0x00007f080d7346cd:   pop    %rbp
  0x00007f080d7346ce:   jmp    0x00007f080d0f2f80           ;   {runtime_call unwind_exception Runtime1 stub}
  0x00007f080d7346d3:   hlt    
  0x00007f080d7346d4:   hlt    
  0x00007f080d7346d5:   hlt    
  0x00007f080d7346d6:   hlt    
  0x00007f080d7346d7:   hlt    
  0x00007f080d7346d8:   hlt    
  0x00007f080d7346d9:   hlt    
  0x00007f080d7346da:   hlt    
  0x00007f080d7346db:   hlt    
  0x00007f080d7346dc:   hlt    
  0x00007f080d7346dd:   hlt    
  0x00007f080d7346de:   hlt    
  0x00007f080d7346df:   hlt    
[Stub Code]
  0x00007f080d7346e0:   nopl   0x0(%rax,%rax,1)             ;   {no_reloc}
  0x00007f080d7346e5:   movabs $0x0,%rbx                    ;   {static_stub}
  0x00007f080d7346ef:   jmp    0x00007f080d7346ef           ;   {runtime_call}
  0x00007f080d7346f4:   nop
  0x00007f080d7346f5:   movabs $0x0,%rbx                    ;   {static_stub}
  0x00007f080d7346ff:   jmp    0x00007f080d7346ff           ;   {runtime_call}
[Exception Handler]
  0x00007f080d734704:   call   0x00007f080d0f5c80           ;   {runtime_call handle_exception_from_callee Runtime1 stub}
  0x00007f080d734709:   movabs $0x7f08231b7266,%rdi         ;   {external_word}
  0x00007f080d734713:   and    $0xfffffffffffffff0,%rsp
  0x00007f080d734717:   call   0x00007f0822cdf940           ;   {runtime_call MacroAssembler::debug64(char*, long, long*)}
  0x00007f080d73471c:   hlt    
[Deopt Handler Code]
  0x00007f080d73471d:   movabs $0x7f080d73471d,%r10         ;   {section_word}
  0x00007f080d734727:   push   %r10
  0x00007f080d734729:   jmp    0x00007f080d04d420           ;   {runtime_call DeoptimizationBlob}
  0x00007f080d73472e:   hlt    
  0x00007f080d73472f:   hlt    
--------------------------------------------------------------------------------


---------------  P R O C E S S  ---------------

Threads class SMR info:
_java_thread_list=0x00007f081c0fa9e0, length=8, elements={
0x00007f081c022af0, 0x00007f081c0c10d0, 0x00007f081c0c2740, 0x00007f081c0f3f30,
0x00007f081c0f5450, 0x00007f081c0f6960, 0x00007f081c0f7fd0, 0x00007f081c0f9530
}

Java Threads: ( => current thread )
=>0x00007f081c022af0 JavaThread "main" [_thread_in_Java, id=422736, stack(0x00007f0821f76000,0x00007f0822077000)]
  0x00007f081c0c10d0 JavaThread "Reference Handler" daemon [_thread_blocked, id=422738, stack(0x00007f0821878000,0x00007f0821979000)]
  0x00007f081c0c2740 JavaThread "Finalizer" daemon [_thread_blocked, id=422739, stack(0x00007f0820eff000,0x00007f0821000000)]
  0x00007f081c0f3f30 JavaThread "Signal Dispatcher" daemon [_thread_blocked, id=422740, stack(0x00007f0820dfe000,0x00007f0820eff000)]
  0x00007f081c0f5450 JavaThread "Service Thread" daemon [_thread_blocked, id=422741, stack(0x00007f0820cfd000,0x00007f0820dfe000)]
  0x00007f081c0f6960 JavaThread "Monitor Deflation Thread" daemon [_thread_blocked, id=422742, stack(0x00007f0820bfc000,0x00007f0820cfd000)]
  0x00007f081c0f7fd0 JavaThread "C1 CompilerThread0" daemon [_thread_blocked, id=422743, stack(0x00007f0820afb000,0x00007f0820bfc000)]
  0x00007f081c0f9530 JavaThread "Sweeper thread" daemon [_thread_blocked, id=422744, stack(0x00007f08209fa000,0x00007f0820afb000)]

Other Threads:
  0x00007f081c0b44f0 VMThread "VM Thread" [stack: 0x00007f082197b000,0x00007f0821a7b000] [id=422737]

Threads with active compile tasks:

VM state: not at safepoint (normal execution)

VM Mutex/Monitor currently owned by a thread: None

Heap address: 0x00000000e0000000, size: 512 MB, Compressed Oops mode: 32-bit
CDS disabled.
Compressed class space mapped at: 0x0000000100000000-0x0000000140000000, reserved size: 1073741824
Narrow klass base: 0x0000000000000000, Narrow klass shift: 3, Narrow klass range: 0x140000000

GC Precious Log:
 CPUs: 12 total, 12 available
 Memory: 31948M
 Large Page Support: Disabled
 NUMA Support: Disabled
 Compressed Oops: Enabled (32-bit)
 Heap Min Capacity: 32M
 Heap Initial Capacity: 32M
 Heap Max Capacity: 512M
 Pre-touch: Disabled

Heap:
 def new generation   total 9792K, used 538K [0x00000000e0000000, 0x00000000e0aa0000, 0x00000000eaaa0000)
  eden space 8704K,   6% used [0x00000000e0000000, 0x00000000e0086b48, 0x00000000e0880000)
  from space 1088K,   0% used [0x00000000e0880000, 0x00000000e0880000, 0x00000000e0990000)
  to   space 1088K,   0% used [0x00000000e0990000, 0x00000000e0990000, 0x00000000e0aa0000)
 tenured generation   total 21888K, used 0K [0x00000000eaaa0000, 0x00000000ec000000, 0x0000000100000000)
   the space 21888K,   0% used [0x00000000eaaa0000, 0x00000000eaaa0000, 0x00000000eaaa0200, 0x00000000ec000000)
 Metaspace       used 3136K, committed 3200K, reserved 1056768K
  class space    used 238K, committed 256K, reserved 1048576K

Card table byte_map: [0x00007f0821c43000,0x00007f0821d44000] _byte_map_base: 0x00007f0821543000

Polling page: 0x00007f08237ad000

Metaspace:

Usage:
  Non-class:      2.83 MB used.
      Class:    238.77 KB used.
       Both:      3.06 MB used.

Virtual space:
  Non-class space:        8.00 MB reserved,       2.88 MB ( 36%) committed,  1 nodes.
      Class space:        1.00 GB reserved,     256.00 KB ( <1%) committed,  1 nodes.
              Both:        1.01 GB reserved,       3.12 MB ( <1%) committed. 

Chunk freelists:
   Non-Class:  0 bytes
       Class:  3.75 MB
        Both:  3.75 MB

MaxMetaspaceSize: 17179869184.00 GB
CompressedClassSpaceSize: 1.00 GB
 - commit_granule_bytes: 65536.
 - commit_granule_words: 8192.
 - virtual_space_node_default_size: 1048576.
 - enlarge_chunks_in_place: 1.
 - new_chunks_are_fully_committed: 0.
 - uncommit_free_chunks: 1.
 - use_allocation_guard: 0.
 - handle_deallocations: 1.


Internal statistics:

num_allocs_failed_limit: 0.
num_arena_births: 2.
num_arena_deaths: 0.
num_vsnodes_births: 2.
num_vsnodes_deaths: 0.
num_space_committed: 50.
num_space_uncommitted: 0.
num_chunks_returned_to_freelist: 0.
num_chunks_taken_from_freelist: 3.
num_chunk_merges: 0.
num_chunk_splits: 1.
num_chunks_enlarged: 0.
num_purges: 0.

CodeHeap 'non-profiled nmethods': size=238384Kb used=3Kb max_used=3Kb free=238380Kb
 bounds [0x00007f080d734000, 0x00007f080d9a4000, 0x00007f081c000000]
CodeHeap 'non-nmethods': size=7376Kb used=1013Kb max_used=1013Kb free=6363Kb
 bounds [0x00007f080d000000, 0x00007f080d270000, 0x00007f080d734000]
 total_blobs=256 nmethods=4 adapters=184
 compilation: enabled
              stopped_count=0, restarted_count=0
 full_count=0

Compilation events (7 events):
Event: 0.043 Thread 0x00007f081c0f7fd0    1       1       java.lang.String::isLatin1 (19 bytes)
Event: 0.043 Thread 0x00007f081c0f7fd0 nmethod 1 0x00007f080d734010 code [0x00007f080d7341a0, 0x00007f080d734270]
Event: 0.047 Thread 0x00007f081c0f7fd0    2       1       java.lang.String::charAt (25 bytes)
Event: 0.047 Thread 0x00007f081c0f7fd0 nmethod 2 0x00007f080d734310 code [0x00007f080d7344c0, 0x00007f080d734730]
Event: 0.047 Thread 0x00007f081c0f7fd0    3       1       java.lang.StringLatin1::charAt (28 bytes)
Event: 0.047 Thread 0x00007f081c0f7fd0 nmethod 3 0x00007f080d734810 code [0x00007f080d7349c0, 0x00007f080d734b60]
Event: 0.048 Thread 0x00007f081c0f7fd0    4       1       java.lang.Object::<init> (1 bytes)

GC Heap History (0 events):
No events

Deoptimization events (0 events):
No events

Classes unloaded (0 events):
No events

Classes redefined (0 events):
No events

Internal exceptions (1 events):
Event: 0.048 Thread 0x00007f081c022af0 Implicit null exception at 0x00007f080d734521 to 0x0000000000000000

Events (20 events):
Event: 0.047 loading class jdk/internal/loader/NativeLibraries
Event: 0.047 loading class jdk/internal/loader/NativeLibraries done
Event: 0.047 loading class jdk/internal/loader/NativeLibraries$2
Event: 0.047 loading class jdk/internal/loader/NativeLibraries$NativeLibraryImpl
Event: 0.047 loading class jdk/internal/loader/NativeLibrary
Event: 0.047 loading class jdk/internal/loader/NativeLibrary done
Event: 0.047 loading class jdk/internal/loader/NativeLibraries$NativeLibraryImpl done
Event: 0.047 loading class jdk/internal/loader/NativeLibraries$2 done
Event: 0.047 loading class java/util/HashSet
Event: 0.047 loading class java/util/HashSet done
Event: 0.047 loading class java/util/ArrayDeque
Event: 0.048 loading class java/util/Deque
Event: 0.048 loading class java/util/Queue
Event: 0.048 loading class java/util/Queue done
Event: 0.048 loading class java/util/Deque done
Event: 0.048 loading class java/util/ArrayDeque done
Event: 0.048 loading class jdk/internal/loader/NativeLibraries$LibraryPaths
Event: 0.048 loading class jdk/internal/loader/NativeLibraries$LibraryPaths done
Event: 0.048 loading class jdk/internal/loader/ClassLoaderHelper
Event: 0.048 loading class jdk/internal/loader/ClassLoaderHelper done


Dynamic libraries:
e0000000-e0aa0000 rw-p 00000000 00:00 0 
e0aa0000-eaaa0000 ---p 00000000 00:00 0 
eaaa0000-ec000000 rw-p 00000000 00:00 0 
ec000000-100040000 ---p 00000000 00:00 0 
100040000-100080000 rw-p 00000000 00:00 0 
100080000-140000000 ---p 00000000 00:00 0 
555cc0db7000-555cc0db8000 r--p 00000000 08:05 23207617                   /home/junyangshao/Desktop/playground/research/SunnyMilkFuzzerJDK/SunnyMilkJDK/build/linux-x86_64-server-release/jdk/bin/jmod
555cc0db8000-555cc0db9000 r-xp 00001000 08:05 23207617                   /home/junyangshao/Desktop/playground/research/SunnyMilkFuzzerJDK/SunnyMilkJDK/build/linux-x86_64-server-release/jdk/bin/jmod
555cc0db9000-555cc0dba000 r--p 00002000 08:05 23207617                   /home/junyangshao/Desktop/playground/research/SunnyMilkFuzzerJDK/SunnyMilkJDK/build/linux-x86_64-server-release/jdk/bin/jmod
555cc0dba000-555cc0dbb000 r--p 00002000 08:05 23207617                   /home/junyangshao/Desktop/playground/research/SunnyMilkFuzzerJDK/SunnyMilkJDK/build/linux-x86_64-server-release/jdk/bin/jmod
555cc0dbb000-555cc0dbc000 rw-p 00003000 08:05 23207617                   /home/junyangshao/Desktop/playground/research/SunnyMilkFuzzerJDK/SunnyMilkJDK/build/linux-x86_64-server-release/jdk/bin/jmod
555cc0e84000-555cc0ea5000 rw-p 00000000 00:00 0                          [heap]
7f07e8000000-7f07e8021000 rw-p 00000000 00:00 0 
7f07e8021000-7f07ec000000 ---p 00000000 00:00 0 
7f07f0000000-7f07f0021000 rw-p 00000000 00:00 0 
7f07f0021000-7f07f4000000 ---p 00000000 00:00 0 
7f07f4000000-7f07f403c000 rw-p 00000000 00:00 0 
7f07f403c000-7f07f8000000 ---p 00000000 00:00 0 
7f07f8000000-7f07f8021000 rw-p 00000000 00:00 0 
7f07f8021000-7f07fc000000 ---p 00000000 00:00 0 
7f07fc000000-7f07fc021000 rw-p 00000000 00:00 0 
7f07fc021000-7f0800000000 ---p 00000000 00:00 0 
7f0800000000-7f0800021000 rw-p 00000000 00:00 0 
7f0800021000-7f0804000000 ---p 00000000 00:00 0 
7f0804000000-7f0804021000 rw-p 00000000 00:00 0 
7f0804021000-7f0808000000 ---p 00000000 00:00 0 
7f0808000000-7f0808021000 rw-p 00000000 00:00 0 
7f0808021000-7f080c000000 ---p 00000000 00:00 0 
7f080d000000-7f080d270000 rwxp 00000000 00:00 0 
7f080d270000-7f080d734000 ---p 00000000 00:00 0 
7f080d734000-7f080d9a4000 rwxp 00000000 00:00 0 
7f080d9a4000-7f081c000000 ---p 00000000 00:00 0 
7f081c000000-7f081c157000 rw-p 00000000 00:00 0 
7f081c157000-7f0820000000 ---p 00000000 00:00 0 
7f082042b000-7f0820808000 rw-p 00000000 00:00 0 
7f0820808000-7f082086f000 r--p 00000000 08:05 23213700                   /home/junyangshao/Desktop/playground/research/SunnyMilkFuzzerJDK/SunnyMilkJDK/build/linux-x86_64-server-release/jdk/lib/server/libhsdis-amd64.so
7f082086f000-7f082091a000 r-xp 00067000 08:05 23213700                   /home/junyangshao/Desktop/playground/research/SunnyMilkFuzzerJDK/SunnyMilkJDK/build/linux-x86_64-server-release/jdk/lib/server/libhsdis-amd64.so
7f082091a000-7f0820954000 r--p 00112000 08:05 23213700                   /home/junyangshao/Desktop/playground/research/SunnyMilkFuzzerJDK/SunnyMilkJDK/build/linux-x86_64-server-release/jdk/lib/server/libhsdis-amd64.so
7f0820954000-7f0820955000 ---p 0014c000 08:05 23213700                   /home/junyangshao/Desktop/playground/research/SunnyMilkFuzzerJDK/SunnyMilkJDK/build/linux-x86_64-server-release/jdk/lib/server/libhsdis-amd64.so
7f0820955000-7f08209f6000 r--p 0014c000 08:05 23213700                   /home/junyangshao/Desktop/playground/research/SunnyMilkFuzzerJDK/SunnyMilkJDK/build/linux-x86_64-server-release/jdk/lib/server/libhsdis-amd64.so
7f08209f6000-7f08209f9000 rw-p 001ed000 08:05 23213700                   /home/junyangshao/Desktop/playground/research/SunnyMilkFuzzerJDK/SunnyMilkJDK/build/linux-x86_64-server-release/jdk/lib/server/libhsdis-amd64.so
7f08209f9000-7f08209fa000 rw-p 00000000 00:00 0 
7f08209fa000-7f08209fe000 ---p 00000000 00:00 0 
7f08209fe000-7f0820afb000 rw-p 00000000 00:00 0 
7f0820afb000-7f0820aff000 ---p 00000000 00:00 0 
7f0820aff000-7f0820bfc000 rw-p 00000000 00:00 0 
7f0820bfc000-7f0820c00000 ---p 00000000 00:00 0 
7f0820c00000-7f0820cfd000 rw-p 00000000 00:00 0 
7f0820cfd000-7f0820d01000 ---p 00000000 00:00 0 
7f0820d01000-7f0820dfe000 rw-p 00000000 00:00 0 
7f0820dfe000-7f0820e02000 ---p 00000000 00:00 0 
7f0820e02000-7f0820eff000 rw-p 00000000 00:00 0 
7f0820eff000-7f0820f03000 ---p 00000000 00:00 0 
7f0820f03000-7f08212e0000 rw-p 00000000 00:00 0 
7f08212e0000-7f0821800000 ---p 00000000 00:00 0 
7f0821878000-7f082187c000 ---p 00000000 00:00 0 
7f082187c000-7f0821979000 rw-p 00000000 00:00 0 
7f0821979000-7f082197a000 ---p 00000000 00:00 0 
7f082197a000-7f0821ba3000 rw-p 00000000 00:00 0 
7f0821ba3000-7f0821c43000 ---p 00000000 00:00 0 
7f0821c43000-7f0821c49000 rw-p 00000000 00:00 0 
7f0821c49000-7f0821c98000 ---p 00000000 00:00 0 
7f0821c98000-7f0821ca3000 rw-p 00000000 00:00 0 
7f0821ca3000-7f0821d43000 ---p 00000000 00:00 0 
7f0821d43000-7f0821d49000 rw-p 00000000 00:00 0 
7f0821d49000-7f0821f16000 ---p 00000000 00:00 0 
7f0821f16000-7f0821f22000 r--p 00000000 08:05 22729990                   /home/junyangshao/Desktop/playground/research/SunnyMilkFuzzerJDK/SunnyMilkJDK/build/linux-x86_64-server-release/jdk/lib/libjava.so
7f0821f22000-7f0821f35000 r-xp 0000c000 08:05 22729990                   /home/junyangshao/Desktop/playground/research/SunnyMilkFuzzerJDK/SunnyMilkJDK/build/linux-x86_64-server-release/jdk/lib/libjava.so
7f0821f35000-7f0821f3b000 r--p 0001f000 08:05 22729990                   /home/junyangshao/Desktop/playground/research/SunnyMilkFuzzerJDK/SunnyMilkJDK/build/linux-x86_64-server-release/jdk/lib/libjava.so
7f0821f3b000-7f0821f3c000 ---p 00025000 08:05 22729990                   /home/junyangshao/Desktop/playground/research/SunnyMilkFuzzerJDK/SunnyMilkJDK/build/linux-x86_64-server-release/jdk/lib/libjava.so
7f0821f3c000-7f0821f3d000 r--p 00025000 08:05 22729990                   /home/junyangshao/Desktop/playground/research/SunnyMilkFuzzerJDK/SunnyMilkJDK/build/linux-x86_64-server-release/jdk/lib/libjava.so
7f0821f3d000-7f0821f3e000 rw-p 00026000 08:05 22729990                   /home/junyangshao/Desktop/playground/research/SunnyMilkFuzzerJDK/SunnyMilkJDK/build/linux-x86_64-server-release/jdk/lib/libjava.so
7f0821f3e000-7f0821f3f000 rw-p 00000000 00:00 0 
7f0821f3f000-7f0821f42000 r--p 00000000 08:05 25692319                   /usr/lib/x86_64-linux-gnu/libnss_files-2.31.so
7f0821f42000-7f0821f49000 r-xp 00003000 08:05 25692319                   /usr/lib/x86_64-linux-gnu/libnss_files-2.31.so
7f0821f49000-7f0821f4b000 r--p 0000a000 08:05 25692319                   /usr/lib/x86_64-linux-gnu/libnss_files-2.31.so
7f0821f4b000-7f0821f4c000 r--p 0000b000 08:05 25692319                   /usr/lib/x86_64-linux-gnu/libnss_files-2.31.so
7f0821f4c000-7f0821f4d000 rw-p 0000c000 08:05 25692319                   /usr/lib/x86_64-linux-gnu/libnss_files-2.31.so
7f0821f4d000-7f0821f53000 rw-p 00000000 00:00 0 
7f0821f5f000-7f0821f64000 rw-p 00000000 00:00 0 
7f0821f64000-7f0821f6e000 ---p 00000000 00:00 0 
7f0821f6e000-7f0821f76000 rw-s 00000000 08:05 4718819                    /tmp/hsperfdata_junyangshao/422731
7f0821f76000-7f0821f7a000 ---p 00000000 00:00 0 
7f0821f7a000-7f0822077000 rw-p 00000000 00:00 0 
7f0822077000-7f0822084000 r--p 00000000 08:05 25692313                   /usr/lib/x86_64-linux-gnu/libm-2.31.so
7f0822084000-7f082212b000 r-xp 0000d000 08:05 25692313                   /usr/lib/x86_64-linux-gnu/libm-2.31.so
7f082212b000-7f08221c4000 r--p 000b4000 08:05 25692313                   /usr/lib/x86_64-linux-gnu/libm-2.31.so
7f08221c4000-7f08221c5000 r--p 0014c000 08:05 25692313                   /usr/lib/x86_64-linux-gnu/libm-2.31.so
7f08221c5000-7f08221c6000 rw-p 0014d000 08:05 25692313                   /usr/lib/x86_64-linux-gnu/libm-2.31.so
7f08221c6000-7f082240c000 r--p 00000000 08:05 23203295                   /home/junyangshao/Desktop/playground/research/SunnyMilkFuzzerJDK/SunnyMilkJDK/build/linux-x86_64-server-release/jdk/lib/server/libjvm.so
7f082240c000-7f082319b000 r-xp 00246000 08:05 23203295                   /home/junyangshao/Desktop/playground/research/SunnyMilkFuzzerJDK/SunnyMilkJDK/build/linux-x86_64-server-release/jdk/lib/server/libjvm.so
7f082319b000-7f082341e000 r--p 00fd5000 08:05 23203295                   /home/junyangshao/Desktop/playground/research/SunnyMilkFuzzerJDK/SunnyMilkJDK/build/linux-x86_64-server-release/jdk/lib/server/libjvm.so
7f082341e000-7f082341f000 ---p 01258000 08:05 23203295                   /home/junyangshao/Desktop/playground/research/SunnyMilkFuzzerJDK/SunnyMilkJDK/build/linux-x86_64-server-release/jdk/lib/server/libjvm.so
7f082341f000-7f08234d4000 r--p 01258000 08:05 23203295                   /home/junyangshao/Desktop/playground/research/SunnyMilkFuzzerJDK/SunnyMilkJDK/build/linux-x86_64-server-release/jdk/lib/server/libjvm.so
7f08234d4000-7f0823508000 rw-p 0130d000 08:05 23203295                   /home/junyangshao/Desktop/playground/research/SunnyMilkFuzzerJDK/SunnyMilkJDK/build/linux-x86_64-server-release/jdk/lib/server/libjvm.so
7f0823508000-7f0823575000 rw-p 00000000 00:00 0 
7f0823575000-7f082357b000 r--p 00000000 08:05 25692324                   /usr/lib/x86_64-linux-gnu/libpthread-2.31.so
7f082357b000-7f082358c000 r-xp 00006000 08:05 25692324                   /usr/lib/x86_64-linux-gnu/libpthread-2.31.so
7f082358c000-7f0823592000 r--p 00017000 08:05 25692324                   /usr/lib/x86_64-linux-gnu/libpthread-2.31.so
7f0823592000-7f0823593000 r--p 0001c000 08:05 25692324                   /usr/lib/x86_64-linux-gnu/libpthread-2.31.so
7f0823593000-7f0823594000 rw-p 0001d000 08:05 25692324                   /usr/lib/x86_64-linux-gnu/libpthread-2.31.so
7f0823594000-7f0823598000 rw-p 00000000 00:00 0 
7f0823598000-7f0823599000 r--p 00000000 08:05 25692312                   /usr/lib/x86_64-linux-gnu/libdl-2.31.so
7f0823599000-7f082359b000 r-xp 00001000 08:05 25692312                   /usr/lib/x86_64-linux-gnu/libdl-2.31.so
7f082359b000-7f082359c000 r--p 00003000 08:05 25692312                   /usr/lib/x86_64-linux-gnu/libdl-2.31.so
7f082359c000-7f082359d000 r--p 00003000 08:05 25692312                   /usr/lib/x86_64-linux-gnu/libdl-2.31.so
7f082359d000-7f082359e000 rw-p 00004000 08:05 25692312                   /usr/lib/x86_64-linux-gnu/libdl-2.31.so
7f082359e000-7f08235a0000 r--p 00000000 08:05 25690360                   /usr/lib/x86_64-linux-gnu/libz.so.1.2.11
7f08235a0000-7f08235b1000 r-xp 00002000 08:05 25690360                   /usr/lib/x86_64-linux-gnu/libz.so.1.2.11
7f08235b1000-7f08235b7000 r--p 00013000 08:05 25690360                   /usr/lib/x86_64-linux-gnu/libz.so.1.2.11
7f08235b7000-7f08235b8000 ---p 00019000 08:05 25690360                   /usr/lib/x86_64-linux-gnu/libz.so.1.2.11
7f08235b8000-7f08235b9000 r--p 00019000 08:05 25690360                   /usr/lib/x86_64-linux-gnu/libz.so.1.2.11
7f08235b9000-7f08235ba000 rw-p 0001a000 08:05 25690360                   /usr/lib/x86_64-linux-gnu/libz.so.1.2.11
7f08235ba000-7f08235dc000 r--p 00000000 08:05 25692311                   /usr/lib/x86_64-linux-gnu/libc-2.31.so
7f08235dc000-7f0823754000 r-xp 00022000 08:05 25692311                   /usr/lib/x86_64-linux-gnu/libc-2.31.so
7f0823754000-7f08237a2000 r--p 0019a000 08:05 25692311                   /usr/lib/x86_64-linux-gnu/libc-2.31.so
7f08237a2000-7f08237a6000 r--p 001e7000 08:05 25692311                   /usr/lib/x86_64-linux-gnu/libc-2.31.so
7f08237a6000-7f08237a8000 rw-p 001eb000 08:05 25692311                   /usr/lib/x86_64-linux-gnu/libc-2.31.so
7f08237a8000-7f08237ac000 rw-p 00000000 00:00 0 
7f08237ad000-7f08237ae000 ---p 00000000 00:00 0 
7f08237ae000-7f08237af000 r--p 00000000 00:00 0 
7f08237af000-7f08237b2000 r--p 00000000 08:05 22730001                   /home/junyangshao/Desktop/playground/research/SunnyMilkFuzzerJDK/SunnyMilkJDK/build/linux-x86_64-server-release/jdk/lib/libjimage.so
7f08237b2000-7f08237c6000 r-xp 00003000 08:05 22730001                   /home/junyangshao/Desktop/playground/research/SunnyMilkFuzzerJDK/SunnyMilkJDK/build/linux-x86_64-server-release/jdk/lib/libjimage.so
7f08237c6000-7f08237cc000 r--p 00017000 08:05 22730001                   /home/junyangshao/Desktop/playground/research/SunnyMilkFuzzerJDK/SunnyMilkJDK/build/linux-x86_64-server-release/jdk/lib/libjimage.so
7f08237cc000-7f08237ce000 r--p 0001c000 08:05 22730001                   /home/junyangshao/Desktop/playground/research/SunnyMilkFuzzerJDK/SunnyMilkJDK/build/linux-x86_64-server-release/jdk/lib/libjimage.so
7f08237ce000-7f08237cf000 rw-p 0001e000 08:05 22730001                   /home/junyangshao/Desktop/playground/research/SunnyMilkFuzzerJDK/SunnyMilkJDK/build/linux-x86_64-server-release/jdk/lib/libjimage.so
7f08237cf000-7f08237d1000 r--p 00000000 08:05 22729983                   /home/junyangshao/Desktop/playground/research/SunnyMilkFuzzerJDK/SunnyMilkJDK/build/linux-x86_64-server-release/jdk/lib/libjli.so
7f08237d1000-7f08237db000 r-xp 00002000 08:05 22729983                   /home/junyangshao/Desktop/playground/research/SunnyMilkFuzzerJDK/SunnyMilkJDK/build/linux-x86_64-server-release/jdk/lib/libjli.so
7f08237db000-7f08237de000 r--p 0000c000 08:05 22729983                   /home/junyangshao/Desktop/playground/research/SunnyMilkFuzzerJDK/SunnyMilkJDK/build/linux-x86_64-server-release/jdk/lib/libjli.so
7f08237de000-7f08237df000 ---p 0000f000 08:05 22729983                   /home/junyangshao/Desktop/playground/research/SunnyMilkFuzzerJDK/SunnyMilkJDK/build/linux-x86_64-server-release/jdk/lib/libjli.so
7f08237df000-7f08237e0000 r--p 0000f000 08:05 22729983                   /home/junyangshao/Desktop/playground/research/SunnyMilkFuzzerJDK/SunnyMilkJDK/build/linux-x86_64-server-release/jdk/lib/libjli.so
7f08237e0000-7f08237e1000 rw-p 00010000 08:05 22729983                   /home/junyangshao/Desktop/playground/research/SunnyMilkFuzzerJDK/SunnyMilkJDK/build/linux-x86_64-server-release/jdk/lib/libjli.so
7f08237e1000-7f08237e3000 rw-p 00000000 00:00 0 
7f08237e3000-7f08237e4000 r--p 00000000 08:05 25692304                   /usr/lib/x86_64-linux-gnu/ld-2.31.so
7f08237e4000-7f0823807000 r-xp 00001000 08:05 25692304                   /usr/lib/x86_64-linux-gnu/ld-2.31.so
7f0823807000-7f082380f000 r--p 00024000 08:05 25692304                   /usr/lib/x86_64-linux-gnu/ld-2.31.so
7f082380f000-7f0823810000 ---p 00000000 00:00 0 
7f0823810000-7f0823811000 r--p 0002c000 08:05 25692304                   /usr/lib/x86_64-linux-gnu/ld-2.31.so
7f0823811000-7f0823812000 rw-p 0002d000 08:05 25692304                   /usr/lib/x86_64-linux-gnu/ld-2.31.so
7f0823812000-7f0823813000 rw-p 00000000 00:00 0 
7ffeb74ca000-7ffeb74ed000 rw-p 00000000 00:00 0                          [stack]
7ffeb75eb000-7ffeb75ef000 r--p 00000000 00:00 0                          [vvar]
7ffeb75ef000-7ffeb75f1000 r-xp 00000000 00:00 0                          [vdso]
ffffffffff600000-ffffffffff601000 --xp 00000000 00:00 0                  [vsyscall]


VM Arguments:
jvm_args: -Denv.class.path=.:/home/junyangshao/Desktop/playground/antlr-4.10.1-complete.jar:.:/home/junyangshao/Desktop/playground/antlr-4.10.1-complete.jar: -Dapplication.home=/home/junyangshao/Desktop/playground/research/SunnyMilkFuzzerJDK/SunnyMilkJDK/build/linux-x86_64-server-release/jdk -Xms8m -XX:+UseSerialGC -Xms32M -Xmx512M -XX:TieredStopAtLevel=1 -Djdk.module.main=jdk.jlink 
java_command: jdk.jlink/jdk.tools.jmod.Main create --module-version 16-internal --target-platform linux-amd64 --module-path /home/junyangshao/Desktop/playground/research/SunnyMilkFuzzerJDK/SunnyMilkJDK/build/linux-x86_64-server-release/support/interim-jmods --libs /home/junyangshao/Desktop/playground/research/SunnyMilkFuzzerJDK/SunnyMilkJDK/build/linux-x86_64-server-release/support/modules_libs/java.base --cmds /home/junyangshao/Desktop/playground/research/SunnyMilkFuzzerJDK/SunnyMilkJDK/build/linux-x86_64-server-release/support/modules_cmds/java.base --config /home/junyangshao/Desktop/playground/research/SunnyMilkFuzzerJDK/SunnyMilkJDK/build/linux-x86_64-server-release/support/modules_conf/java.base --class-path /home/junyangshao/Desktop/playground/research/SunnyMilkFuzzerJDK/SunnyMilkJDK/build/linux-x86_64-server-release/jdk/modules/java.base --header-files /home/junyangshao/Desktop/playground/research/SunnyMilkFuzzerJDK/SunnyMilkJDK/build/linux-x86_64-server-release/support/modules_include/java.base --man-pages /home/junyangshao/Desktop/playground/research/SunnyMilkFuzzerJDK/SunnyMilkJDK/build/linux-x86_64-server-release/support/modules_man/java.base --legal-notices /home/junyangshao/Desktop/playground/research/SunnyMilkFuzzerJDK/SunnyMilkJDK/build/linux-x86_64-server-release/support/modules_legal/common:/home/junyangshao/Desktop/playground/research/SunnyMilkFuzzerJDK/SunnyMilkJDK/build/linux-x86_64-server-release/support/modules_legal/java.base --exclude **{_the.*,_*.marker,*.diz,*.debuginfo,*.dSYM/**,*.dSYM} /home/junyangshao/Desktop/playground/research/SunnyMilkFuzzerJDK/SunnyMilkJDK/build/linux-x86_64-server-release/support/interim-jmods/support/java.base.jmod
java_class_path (initial): <not set>
Launcher Type: SUN_STANDARD

[Global flags]
     intx CICompilerCount                          = 4                                         {product} {ergonomic}
   size_t InitialHeapSize                          = 33554432                                  {product} {command line}
   size_t MaxHeapSize                              = 536870912                                 {product} {command line}
   size_t MaxNewSize                               = 178913280                                 {product} {ergonomic}
   size_t MinHeapDeltaBytes                        = 196608                                    {product} {ergonomic}
   size_t MinHeapSize                              = 33554432                                  {product} {command line}
   size_t NewSize                                  = 11141120                                  {product} {ergonomic}
    uintx NonNMethodCodeHeapSize                   = 7549744                                {pd product} {ergonomic}
    uintx NonProfiledCodeHeapSize                  = 244108496                              {pd product} {ergonomic}
   size_t OldSize                                  = 22413312                                  {product} {ergonomic}
    uintx ProfiledCodeHeapSize                     = 0                                      {pd product} {ergonomic}
    uintx ReservedCodeCacheSize                    = 251658240                              {pd product} {ergonomic}
     bool SegmentedCodeCache                       = true                                      {product} {ergonomic}
   size_t SoftMaxHeapSize                          = 536870912                              {manageable} {ergonomic}
     intx TieredStopAtLevel                        = 1                                         {product} {command line}
     bool UseCompressedClassPointers               = true                           {product lp64_product} {ergonomic}
     bool UseCompressedOops                        = true                           {product lp64_product} {ergonomic}
     bool UseSerialGC                              = true                                      {product} {command line}

Logging:
Log output configuration:
 #0: stdout all=warning uptime,level,tags
 #1: stderr all=off uptime,level,tags

Environment Variables:
JAVA_HOME=/home/junyangshao/.sdkman/candidates/java/current
CLASSPATH=.:/home/junyangshao/Desktop/playground/antlr-4.10.1-complete.jar:.:/home/junyangshao/Desktop/playground/antlr-4.10.1-complete.jar:
PATH=/home/junyangshao/.vscode-server/bin/441438abd1ac652551dbe4d408dfcec8a499b8bf/bin/remote-cli:/home/junyangshao/.opam/4.11.1/bin:/home/junyangshao/.local/bin:/home/junyangshao/.sdkman/candidates/scala/current/bin:/home/junyangshao/.sdkman/candidates/sbt/current/bin:/home/junyangshao/.sdkman/candidates/java/current/bin:/home/junyangshao/.opam/4.11.1/bin:/home/junyangshao/.local/bin:/usr/local/sbin:/usr/local/bin:/usr/sbin:/usr/bin:/sbin:/bin:/usr/games:/usr/local/games:/snap/bin:/home/junyangshao/.dotnet/tools:/home/junyangshao/.local/share/JetBrains/Toolbox/scripts:/home/junyangshao/.cache/coursier/jvm/adopt@1.8.0-292/bin:/home/junyangshao/.local/share/coursier/bin:/home/junyangshao/.dotnet/tools:/home/junyangshao/.dotnet/tools:/home/junyangshao/Desktop/mpich-3.1/inst//bin:/home/junyangshao/Desktop/hadoop-2.6.0/bin:/home/junyangshao/Desktop/clion-2021.3.3/bin:/home/junyangshao/.opam/4.11.1/bin:/home/junyangshao/.local/bin:/usr/local/sbin:/usr/local/bin:/usr/sbin:/usr/bin:/sbin:/bin:/usr/games:/usr/local/games:/snap/bin:/home/junyangshao/.dotnet/tools:/home/junyangshao/.dotnet/tools:/home/junyangshao/Desktop/mpich-3.1/inst//bin:/home/junyangshao/Desktop/hadoop-2.6.0/bin:/home/junyangshao/Desktop/clion-2021.3.3/bin:/home/junyangshao/.local/bin:/home/junyangshao/.local/share/JetBrains/Toolbox/scripts:/home/junyangshao/.cache/coursier/jvm/adopt@1.8.0-292/bin:/home/junyangshao/.local/share/coursier/bin:/home/junyangshao/.dotnet/tools:/home/junyangshao/Desktop/mpich-3.1/inst//bin:/home/junyangshao/Desktop/hadoop-2.6.0/bin:/home/junyangshao/Desktop/clion-2021.3.3/bin:/home/junyangshao/.opam/4.11.1/bin:/home/junyangshao/.local/bin:/usr/local/sbin:/usr/local/bin:/usr/sbin:/usr/bin:/sbin:/bin:/usr/games:/usr/local/games:/snap/bin:/home/junyangshao/.dotnet/tools:/home/junyangshao/.dotnet/tools:/home/junyangshao/Desktop/mpich-3.1/inst//bin:/home/junyangshao/Desktop/hadoop-2.6.0/bin:/home/junyangshao/Desktop/clion-2021.3.3/bin:/home/junyangshao/.local/bin
LD_LIBRARY_PATH=:/home/junyangshao/Desktop/hadoop-2.6.0/lib:/home/junyangshao/Desktop/hadoop-2.6.0/lib
SHELL=/bin/bash
LANG=en_US.UTF-8
LC_ALL=C

Signal Handlers:
SIGSEGV: [libjvm.so+0xf480f0], sa_mask[0]=11100100010111111101111111111110, sa_flags=SA_RESTART|SA_SIGINFO
SIGBUS: [libjvm.so+0xf480f0], sa_mask[0]=11100100010111111101111111111110, sa_flags=SA_RESTART|SA_SIGINFO
SIGFPE: [libjvm.so+0xf480f0], sa_mask[0]=11100100010111111101111111111110, sa_flags=SA_RESTART|SA_SIGINFO
SIGPIPE: [libjvm.so+0xde4480], sa_mask[0]=11100100010111111101111111111110, sa_flags=SA_RESTART|SA_SIGINFO
SIGXFSZ: [libjvm.so+0xde4480], sa_mask[0]=11100100010111111101111111111110, sa_flags=SA_RESTART|SA_SIGINFO
SIGILL: [libjvm.so+0xf480f0], sa_mask[0]=11100100010111111101111111111110, sa_flags=SA_RESTART|SA_SIGINFO
SIGUSR2: [libjvm.so+0xde3b60], sa_mask[0]=00000000000000000000000000000000, sa_flags=SA_RESTART|SA_SIGINFO
SIGHUP: [libjvm.so+0xde3aa0], sa_mask[0]=11100100010111111101111111111110, sa_flags=SA_RESTART|SA_SIGINFO
SIGINT: [libjvm.so+0xde3aa0], sa_mask[0]=11100100010111111101111111111110, sa_flags=SA_RESTART|SA_SIGINFO
SIGTERM: [libjvm.so+0xde3aa0], sa_mask[0]=11100100010111111101111111111110, sa_flags=SA_RESTART|SA_SIGINFO
SIGQUIT: [libjvm.so+0xde3aa0], sa_mask[0]=11100100010111111101111111111110, sa_flags=SA_RESTART|SA_SIGINFO
SIGTRAP: [libjvm.so+0xf480f0], sa_mask[0]=11100100010111111101111111111110, sa_flags=SA_RESTART|SA_SIGINFO


---------------  S Y S T E M  ---------------

OS:
DISTRIB_ID=Ubuntu
DISTRIB_RELEASE=20.04
DISTRIB_CODENAME=focal
DISTRIB_DESCRIPTION="Ubuntu 20.04.4 LTS"
uname: Linux 5.15.0-69-generic #76~20.04.1-Ubuntu SMP Mon Mar 20 15:54:19 UTC 2023 x86_64
OS uptime: 2 days 2:26 hours
libc: glibc 2.31 NPTL 2.31 
rlimit (soft/hard): STACK 8192k/infinity , CORE infinity/infinity , NPROC 127479/127479 , NOFILE 1048576/1048576 , AS infinity/infinity , CPU infinity/infinity , DATA infinity/infinity , FSIZE infinity/infinity , MEMLOCK 65536k/65536k
load average: 1.08 0.77 1.00

/proc/meminfo:
MemTotal:       32715552 kB
MemFree:        14052604 kB
MemAvailable:   25190448 kB
Buffers:          720908 kB
Cached:         10183932 kB
SwapCached:            0 kB
Active:          6062876 kB
Inactive:       11402996 kB
Active(anon):      35220 kB
Inactive(anon):  6558928 kB
Active(file):    6027656 kB
Inactive(file):  4844068 kB
Unevictable:       36568 kB
Mlocked:              32 kB
SwapTotal:       2097148 kB
SwapFree:        2097148 kB
Dirty:            816948 kB
Writeback:             0 kB
AnonPages:       6597692 kB
Mapped:           633112 kB
Shmem:             42328 kB
KReclaimable:     734988 kB
Slab:             907264 kB
SReclaimable:     734988 kB
SUnreclaim:       172276 kB
KernelStack:       17532 kB
PageTables:        45332 kB
NFS_Unstable:          0 kB
Bounce:                0 kB
WritebackTmp:          0 kB
CommitLimit:    18454924 kB
Committed_AS:    9263996 kB
VmallocTotal:   34359738367 kB
VmallocUsed:       89652 kB
VmallocChunk:          0 kB
Percpu:            19264 kB
HardwareCorrupted:     0 kB
AnonHugePages:         0 kB
ShmemHugePages:        0 kB
ShmemPmdMapped:        0 kB
FileHugePages:         0 kB
FilePmdMapped:         0 kB
HugePages_Total:       0
HugePages_Free:        0
HugePages_Rsvd:        0
HugePages_Surp:        0
Hugepagesize:       2048 kB
Hugetlb:               0 kB
DirectMap4k:      484728 kB
DirectMap2M:    15085568 kB
DirectMap1G:    17825792 kB

/sys/kernel/mm/transparent_hugepage/enabled: always [madvise] never
/sys/kernel/mm/transparent_hugepage/defrag (defrag/compaction efforts parameter): always defer defer+madvise [madvise] never

Process Memory:
Virtual Size: 2461384K (peak: 2520972K)
Resident Set Size: 27696K (peak: 27696K) (anon: 12360K, file: 15336K, shmem: 0K)
Swapped out: 0K
C-Heap outstanding allocations: 1727K

/proc/sys/kernel/threads-max (system-wide limit on the number of threads): 254959
/proc/sys/vm/max_map_count (maximum number of memory map areas a process may have): 65530
/proc/sys/kernel/pid_max (system-wide limit on number of process identifiers): 4194304

container (cgroup) information:
container_type: cgroupv1
cpu_cpuset_cpus: 0-11
cpu_memory_nodes: 0
active_processor_count: 12
cpu_quota: no quota
cpu_period: 100000
cpu_shares: no shares
memory_limit_in_bytes: unlimited
memory_and_swap_limit_in_bytes: unlimited
memory_soft_limit_in_bytes: unlimited
memory_usage_in_bytes: 13804576768
memory_max_usage_in_bytes: 17075982336

Steal ticks since vm start: 0
Steal ticks percentage since vm start:  0.000

CPU: total 12 (initial active 12) (6 cores per cpu, 2 threads per core) family 6 model 158 stepping 10 microcode 0xf0, cx8, cmov, fxsr, ht, mmx, 3dnowpref, sse, sse2, sse3, ssse3, sse4.1, sse4.2, popcnt, lzcnt, tsc, tscinvbit, avx, avx2, aes, erms, clmul, bmi1, bmi2, adx, fma, vzeroupper, clflush, clflushopt
CPU Model and flags from /proc/cpuinfo:
model name	: Intel(R) Core(TM) i7-8700K CPU @ 3.70GHz
flags		: fpu vme de pse tsc msr pae mce cx8 apic sep mtrr pge mca cmov pat pse36 clflush dts acpi mmx fxsr sse sse2 ss ht tm pbe syscall nx pdpe1gb rdtscp lm constant_tsc art arch_perfmon pebs bts rep_good nopl xtopology nonstop_tsc cpuid aperfmperf pni pclmulqdq dtes64 monitor ds_cpl vmx smx est tm2 ssse3 sdbg fma cx16 xtpr pdcm pcid sse4_1 sse4_2 x2apic movbe popcnt tsc_deadline_timer aes xsave avx f16c rdrand lahf_lm abm 3dnowprefetch cpuid_fault epb invpcid_single pti ssbd ibrs ibpb stibp tpr_shadow vnmi flexpriority ept vpid ept_ad fsgsbase tsc_adjust bmi1 avx2 smep bmi2 erms invpcid mpx rdseed adx smap clflushopt intel_pt xsaveopt xsavec xgetbv1 xsaves dtherm ida arat pln pts hwp hwp_notify hwp_act_window hwp_epp md_clear flush_l1d arch_capabilities

Online cpus: 0-11
Offline cpus: 
BIOS frequency limitation: <Not Available>
Frequency switch latency (ns): 0
Available cpu frequencies: <Not Available>
Current governor: powersave
Core performance/turbo boost: <Not Available>

Memory: 4k page, physical 32715552k(14051596k free), swap 2097148k(2097148k free)

vm_info: OpenJDK 64-Bit Server VM (16-internal+0-adhoc.junyangshao.SunnyMilkJDK) for linux-amd64 JRE (16-internal+0-adhoc.junyangshao.SunnyMilkJDK), built on Apr  5 2023 06:55:30 by "junyangshao" with gcc 9.4.0

END.
